Traceback (most recent call last):
  File "/opt/hostedtoolcache/Python/3.7.13/x64/lib/python3.7/site-packages/jupyter_cache/executors/utils.py", line 56, in single_nb_execution
    record_timing=False,
  File "/opt/hostedtoolcache/Python/3.7.13/x64/lib/python3.7/site-packages/nbclient/client.py", line 1204, in execute
    return NotebookClient(nb=nb, resources=resources, km=km, **kwargs).execute()
  File "/opt/hostedtoolcache/Python/3.7.13/x64/lib/python3.7/site-packages/nbclient/util.py", line 84, in wrapped
    return just_run(coro(*args, **kwargs))
  File "/opt/hostedtoolcache/Python/3.7.13/x64/lib/python3.7/site-packages/nbclient/util.py", line 62, in just_run
    return loop.run_until_complete(coro)
  File "/opt/hostedtoolcache/Python/3.7.13/x64/lib/python3.7/asyncio/base_events.py", line 587, in run_until_complete
    return future.result()
  File "/opt/hostedtoolcache/Python/3.7.13/x64/lib/python3.7/site-packages/nbclient/client.py", line 664, in async_execute
    cell, index, execution_count=self.code_cells_executed + 1
  File "/opt/hostedtoolcache/Python/3.7.13/x64/lib/python3.7/site-packages/nbclient/client.py", line 965, in async_execute_cell
    await self._check_raise_for_error(cell, cell_index, exec_reply)
  File "/opt/hostedtoolcache/Python/3.7.13/x64/lib/python3.7/site-packages/nbclient/client.py", line 862, in _check_raise_for_error
    raise CellExecutionError.from_cell_and_msg(cell, exec_reply_content)
nbclient.exceptions.CellExecutionError: An error occurred while executing the following cell:
------------------
#perform ZNE using mitiq
extrapolate = RichardsonFactory.extrapolate
scale_factors = [1, 2, 3]

mitigated_qnode = mitigate_with_zne(scale_factors, fold_global, extrapolate)(
    sim_qnode
)
mitigated_qnode()
------------------

[0;31m---------------------------------------------------------------------------[0m
[0;31mTypeError[0m                                 Traceback (most recent call last)
[0;32m/tmp/ipykernel_2186/1686130105.py[0m in [0;36m<module>[0;34m[0m
[1;32m      6[0m     [0msim_qnode[0m[0;34m[0m[0;34m[0m[0m
[1;32m      7[0m )
[0;32m----> 8[0;31m [0mmitigated_qnode[0m[0;34m([0m[0;34m)[0m[0;34m[0m[0;34m[0m[0m
[0m
[0;32m/opt/hostedtoolcache/Python/3.7.13/x64/lib/python3.7/site-packages/pennylane/transforms/batch_transform.py[0m in [0;36m_wrapper[0;34m(*args, **kwargs)[0m
[1;32m    286[0m         [0;32mdef[0m [0m_wrapper[0m[0;34m([0m[0;34m*[0m[0margs[0m[0;34m,[0m [0;34m**[0m[0mkwargs[0m[0;34m)[0m[0;34m:[0m[0;34m[0m[0;34m[0m[0m
[1;32m    287[0m             [0mshots[0m [0;34m=[0m [0mkwargs[0m[0;34m.[0m[0mpop[0m[0;34m([0m[0;34m"shots"[0m[0;34m,[0m [0;32mFalse[0m[0;34m)[0m[0;34m[0m[0;34m[0m[0m
[0;32m--> 288[0;31m             [0mqnode[0m[0;34m.[0m[0mconstruct[0m[0;34m([0m[0margs[0m[0;34m,[0m [0mkwargs[0m[0;34m)[0m[0;34m[0m[0;34m[0m[0m
[0m[1;32m    289[0m             [0mtapes[0m[0;34m,[0m [0mprocessing_fn[0m [0;34m=[0m [0mself[0m[0;34m.[0m[0mconstruct[0m[0;34m([0m[0mqnode[0m[0;34m.[0m[0mqtape[0m[0;34m,[0m [0;34m*[0m[0mtargs[0m[0;34m,[0m [0;34m**[0m[0mtkwargs[0m[0;34m)[0m[0;34m[0m[0;34m[0m[0m
[1;32m    290[0m [0;34m[0m[0m

[0;32m/opt/hostedtoolcache/Python/3.7.13/x64/lib/python3.7/site-packages/pennylane/transforms/batch_transform.py[0m in [0;36m_construct[0;34m(args, kwargs)[0m
[1;32m    373[0m [0;34m[0m[0m
[1;32m    374[0m                 [0;32mdef[0m [0m_construct[0m[0;34m([0m[0margs[0m[0;34m,[0m [0mkwargs[0m[0;34m)[0m[0;34m:[0m[0;34m[0m[0;34m[0m[0m
[0;32m--> 375[0;31m                     [0mqnode[0m[0;34m.[0m[0mconstruct[0m[0;34m([0m[0margs[0m[0;34m,[0m [0mkwargs[0m[0;34m)[0m[0;34m[0m[0;34m[0m[0m
[0m[1;32m    376[0m                     [0;32mreturn[0m [0mself[0m[0;34m.[0m[0mconstruct[0m[0;34m([0m[0mqnode[0m[0;34m.[0m[0mqtape[0m[0;34m,[0m [0;34m*[0m[0mtargs[0m[0;34m,[0m [0;34m**[0m[0mtkwargs[0m[0;34m)[0m[0;34m[0m[0;34m[0m[0m
[1;32m    377[0m [0;34m[0m[0m

[0;32m/opt/hostedtoolcache/Python/3.7.13/x64/lib/python3.7/site-packages/pennylane/qnode.py[0m in [0;36mconstruct[0;34m(self, args, kwargs)[0m
[1;32m    524[0m [0;34m[0m[0m
[1;32m    525[0m         [0;32mwith[0m [0mself[0m[0;34m.[0m[0mtape[0m[0;34m:[0m[0;34m[0m[0;34m[0m[0m
[0;32m--> 526[0;31m             [0mself[0m[0;34m.[0m[0m_qfunc_output[0m [0;34m=[0m [0mself[0m[0;34m.[0m[0mfunc[0m[0;34m([0m[0;34m*[0m[0margs[0m[0;34m,[0m [0;34m**[0m[0mkwargs[0m[0;34m)[0m[0;34m[0m[0;34m[0m[0m
[0m[1;32m    527[0m         [0mself[0m[0;34m.[0m[0m_tape[0m[0;34m.[0m[0m_qfunc_output[0m [0;34m=[0m [0mself[0m[0;34m.[0m[0m_qfunc_output[0m[0;34m[0m[0;34m[0m[0m
[1;32m    528[0m [0;34m[0m[0m

[0;31mTypeError[0m: circuit_mit() missing 1 required positional argument: 'params'
TypeError: circuit_mit() missing 1 required positional argument: 'params'

