Traceback (most recent call last):
  File "/opt/hostedtoolcache/Python/3.7.13/x64/lib/python3.7/site-packages/jupyter_cache/executors/utils.py", line 56, in single_nb_execution
    record_timing=False,
  File "/opt/hostedtoolcache/Python/3.7.13/x64/lib/python3.7/site-packages/nbclient/client.py", line 1204, in execute
    return NotebookClient(nb=nb, resources=resources, km=km, **kwargs).execute()
  File "/opt/hostedtoolcache/Python/3.7.13/x64/lib/python3.7/site-packages/nbclient/util.py", line 84, in wrapped
    return just_run(coro(*args, **kwargs))
  File "/opt/hostedtoolcache/Python/3.7.13/x64/lib/python3.7/site-packages/nbclient/util.py", line 62, in just_run
    return loop.run_until_complete(coro)
  File "/opt/hostedtoolcache/Python/3.7.13/x64/lib/python3.7/asyncio/base_events.py", line 587, in run_until_complete
    return future.result()
  File "/opt/hostedtoolcache/Python/3.7.13/x64/lib/python3.7/site-packages/nbclient/client.py", line 664, in async_execute
    cell, index, execution_count=self.code_cells_executed + 1
  File "/opt/hostedtoolcache/Python/3.7.13/x64/lib/python3.7/site-packages/nbclient/client.py", line 965, in async_execute_cell
    await self._check_raise_for_error(cell, cell_index, exec_reply)
  File "/opt/hostedtoolcache/Python/3.7.13/x64/lib/python3.7/site-packages/nbclient/client.py", line 862, in _check_raise_for_error
    raise CellExecutionError.from_cell_and_msg(cell, exec_reply_content)
nbclient.exceptions.CellExecutionError: An error occurred while executing the following cell:
------------------
#build the first Bell state
bell1 = qiskit.QuantumCircuit(2)
bell1.h(0)
bell1.cx(0,1)
bell1.measure_all()
bell1.draw("mpl")
------------------

[0;31m---------------------------------------------------------------------------[0m
[0;31mMissingOptionalLibraryError[0m               Traceback (most recent call last)
[0;32m/tmp/ipykernel_1998/2377541224.py[0m in [0;36m<module>[0;34m[0m
[1;32m      4[0m [0mbell1[0m[0;34m.[0m[0mcx[0m[0;34m([0m[0;36m0[0m[0;34m,[0m[0;36m1[0m[0;34m)[0m[0;34m[0m[0;34m[0m[0m
[1;32m      5[0m [0mbell1[0m[0;34m.[0m[0mmeasure_all[0m[0;34m([0m[0;34m)[0m[0;34m[0m[0;34m[0m[0m
[0;32m----> 6[0;31m [0mbell1[0m[0;34m.[0m[0mdraw[0m[0;34m([0m[0;34m"mpl"[0m[0;34m)[0m[0;34m[0m[0;34m[0m[0m
[0m
[0;32m/opt/hostedtoolcache/Python/3.7.13/x64/lib/python3.7/site-packages/qiskit/circuit/quantumcircuit.py[0m in [0;36mdraw[0;34m(self, output, scale, filename, style, interactive, plot_barriers, reverse_bits, justify, vertical_compression, idle_wires, with_layout, fold, ax, initial_state, cregbundle)[0m
[1;32m   1849[0m             [0max[0m[0;34m=[0m[0max[0m[0;34m,[0m[0;34m[0m[0;34m[0m[0m
[1;32m   1850[0m             [0minitial_state[0m[0;34m=[0m[0minitial_state[0m[0;34m,[0m[0;34m[0m[0;34m[0m[0m
[0;32m-> 1851[0;31m             [0mcregbundle[0m[0;34m=[0m[0mcregbundle[0m[0;34m,[0m[0;34m[0m[0;34m[0m[0m
[0m[1;32m   1852[0m         )
[1;32m   1853[0m [0;34m[0m[0m

[0;32m/opt/hostedtoolcache/Python/3.7.13/x64/lib/python3.7/site-packages/qiskit/visualization/circuit_visualization.py[0m in [0;36mcircuit_drawer[0;34m(circuit, scale, filename, style, output, interactive, plot_barriers, reverse_bits, justify, vertical_compression, idle_wires, with_layout, fold, ax, initial_state, cregbundle)[0m
[1;32m    242[0m             [0max[0m[0;34m=[0m[0max[0m[0;34m,[0m[0;34m[0m[0;34m[0m[0m
[1;32m    243[0m             [0minitial_state[0m[0;34m=[0m[0minitial_state[0m[0;34m,[0m[0;34m[0m[0;34m[0m[0m
[0;32m--> 244[0;31m             [0mcregbundle[0m[0;34m=[0m[0mcregbundle[0m[0;34m,[0m[0;34m[0m[0;34m[0m[0m
[0m[1;32m    245[0m         )
[1;32m    246[0m     [0;32melse[0m[0;34m:[0m[0;34m[0m[0;34m[0m[0m

[0;32m/opt/hostedtoolcache/Python/3.7.13/x64/lib/python3.7/site-packages/qiskit/visualization/circuit_visualization.py[0m in [0;36m_matplotlib_circuit_drawer[0;34m(circuit, scale, filename, style, plot_barriers, reverse_bits, justify, idle_wires, with_layout, fold, ax, initial_state, cregbundle)[0m
[1;32m    597[0m         [0mcregs[0m[0;34m=[0m[0;32mNone[0m[0;34m,[0m[0;34m[0m[0;34m[0m[0m
[1;32m    598[0m         [0mwith_layout[0m[0;34m=[0m[0mwith_layout[0m[0;34m,[0m[0;34m[0m[0;34m[0m[0m
[0;32m--> 599[0;31m         [0mcircuit[0m[0;34m=[0m[0mcircuit[0m[0;34m,[0m[0;34m[0m[0;34m[0m[0m
[0m[1;32m    600[0m     )
[1;32m    601[0m     [0;32mreturn[0m [0mqcd[0m[0;34m.[0m[0mdraw[0m[0;34m([0m[0mfilename[0m[0;34m)[0m[0;34m[0m[0;34m[0m[0m

[0;32m/opt/hostedtoolcache/Python/3.7.13/x64/lib/python3.7/site-packages/qiskit/utils/classtools.py[0m in [0;36mout[0;34m(*args, **kwargs)[0m
[1;32m    115[0m             [0;32mfor[0m [0mcallback[0m [0;32min[0m [0mself[0m[0;34m.[0m[0m_before[0m[0;34m:[0m[0;34m[0m[0;34m[0m[0m
[1;32m    116[0m                 [0mcallback[0m[0;34m.[0m[0m__get__[0m[0;34m([0m[0mobj[0m[0;34m,[0m [0mobjtype[0m[0;34m)[0m[0;34m([0m[0;34m*[0m[0margs[0m[0;34m,[0m [0;34m**[0m[0mkwargs[0m[0;34m)[0m[0;34m[0m[0;34m[0m[0m
[0;32m--> 117[0;31m             [0mretval[0m [0;34m=[0m [0mmethod[0m[0;34m([0m[0;34m*[0m[0margs[0m[0;34m,[0m [0;34m**[0m[0mkwargs[0m[0;34m)[0m[0;34m[0m[0;34m[0m[0m
[0m[1;32m    118[0m             [0;32mfor[0m [0mcallback[0m [0;32min[0m [0mself[0m[0;34m.[0m[0m_after[0m[0;34m:[0m[0;34m[0m[0;34m[0m[0m
[1;32m    119[0m                 [0mcallback[0m[0;34m.[0m[0m__get__[0m[0;34m([0m[0mobj[0m[0;34m,[0m [0mobjtype[0m[0;34m)[0m[0;34m([0m[0;34m*[0m[0margs[0m[0;34m,[0m [0;34m**[0m[0mkwargs[0m[0;34m)[0m[0;34m[0m[0;34m[0m[0m

[0;32m/opt/hostedtoolcache/Python/3.7.13/x64/lib/python3.7/site-packages/qiskit/utils/classtools.py[0m in [0;36mout[0;34m(*args, **kwargs)[0m
[1;32m    114[0m         [0;32mdef[0m [0mout[0m[0;34m([0m[0;34m*[0m[0margs[0m[0;34m,[0m [0;34m**[0m[0mkwargs[0m[0;34m)[0m[0;34m:[0m[0;34m[0m[0;34m[0m[0m
[1;32m    115[0m             [0;32mfor[0m [0mcallback[0m [0;32min[0m [0mself[0m[0;34m.[0m[0m_before[0m[0;34m:[0m[0;34m[0m[0;34m[0m[0m
[0;32m--> 116[0;31m                 [0mcallback[0m[0;34m.[0m[0m__get__[0m[0;34m([0m[0mobj[0m[0;34m,[0m [0mobjtype[0m[0;34m)[0m[0;34m([0m[0;34m*[0m[0margs[0m[0;34m,[0m [0;34m**[0m[0mkwargs[0m[0;34m)[0m[0;34m[0m[0;34m[0m[0m
[0m[1;32m    117[0m             [0mretval[0m [0;34m=[0m [0mmethod[0m[0;34m([0m[0;34m*[0m[0margs[0m[0;34m,[0m [0;34m**[0m[0mkwargs[0m[0;34m)[0m[0;34m[0m[0;34m[0m[0m
[1;32m    118[0m             [0;32mfor[0m [0mcallback[0m [0;32min[0m [0mself[0m[0;34m.[0m[0m_after[0m[0;34m:[0m[0;34m[0m[0;34m[0m[0m

[0;32m/opt/hostedtoolcache/Python/3.7.13/x64/lib/python3.7/site-packages/qiskit/utils/lazy_tester.py[0m in [0;36m__call__[0;34m(self, *_args, **_kwargs)[0m
[1;32m     37[0m [0;34m[0m[0m
[1;32m     38[0m     [0;32mdef[0m [0m__call__[0m[0;34m([0m[0mself[0m[0;34m,[0m [0;34m*[0m[0m_args[0m[0;34m,[0m [0;34m**[0m[0m_kwargs[0m[0;34m)[0m[0;34m:[0m[0;34m[0m[0;34m[0m[0m
[0;32m---> 39[0;31m         [0mself[0m[0;34m.[0m[0m_tester[0m[0;34m.[0m[0mrequire_now[0m[0;34m([0m[0mself[0m[0;34m.[0m[0m_feature[0m[0;34m)[0m[0;34m[0m[0;34m[0m[0m
[0m[1;32m     40[0m [0;34m[0m[0m
[1;32m     41[0m [0;34m[0m[0m

[0;32m/opt/hostedtoolcache/Python/3.7.13/x64/lib/python3.7/site-packages/qiskit/utils/lazy_tester.py[0m in [0;36mrequire_now[0;34m(self, feature)[0m
[1;32m    222[0m             [0;32mreturn[0m[0;34m[0m[0;34m[0m[0m
[1;32m    223[0m         raise MissingOptionalLibraryError(
[0;32m--> 224[0;31m             [0mlibname[0m[0;34m=[0m[0mself[0m[0;34m.[0m[0m_name[0m[0;34m,[0m [0mname[0m[0;34m=[0m[0mfeature[0m[0;34m,[0m [0mpip_install[0m[0;34m=[0m[0mself[0m[0;34m.[0m[0m_install[0m[0;34m,[0m [0mmsg[0m[0;34m=[0m[0mself[0m[0;34m.[0m[0m_msg[0m[0;34m[0m[0;34m[0m[0m
[0m[1;32m    225[0m         )
[1;32m    226[0m [0;34m[0m[0m

[0;31mMissingOptionalLibraryError[0m: "The 'pylatexenc' library is required to use 'MatplotlibDrawer'. You can install it with 'pip install pylatexenc'."
MissingOptionalLibraryError: "The 'pylatexenc' library is required to use 'MatplotlibDrawer'. You can install it with 'pip install pylatexenc'."

